runqemu - INFO - Running MACHINE=-v bitbake -e  ...
runqemu - WARNING - Found existing decompressed image: /home/tgamblin/workspace/yocto/poky/build/tmp/deploy/images/qemuriscv64/core-image-ptest-python3-numpy-qemuriscv64.rootfs-20250905162522.ext4, Using it directly.
runqemu - INFO - Continuing with the following parameters:
KERNEL: [/home/tgamblin/workspace/yocto/poky/build/tmp/deploy/images/qemuriscv64/Image]
BIOS: [/home/tgamblin/workspace/yocto/poky/build/tmp/deploy/images/qemuriscv64/fw_jump.elf]
MACHINE: [qemuriscv64]
FSTYPE: [ext4]
ROOTFS: [/home/tgamblin/workspace/yocto/poky/build/tmp/deploy/images/qemuriscv64/core-image-ptest-python3-numpy-qemuriscv64.rootfs-20250905162522.ext4]
SNAPSHOT: [Enabled. Changes on rootfs won't be kept after QEMU shutdown.]
CONFFILE: [/home/tgamblin/workspace/yocto/poky/build/tmp/deploy/images/qemuriscv64/core-image-ptest-python3-numpy-qemuriscv64.rootfs-20250905162522.qemuboot.conf]

runqemu - INFO - Using preconfigured tap device tap0
runqemu - INFO - If this is not intended, touch /tmp/qemu-tap-locks/tap0.skip to make runqemu skip tap0.
runqemu - INFO - Network configuration: ip=192.168.7.2::192.168.7.1:255.255.255.0::eth0:off:8.8.8.8 net.ifnames=0
runqemu - INFO - Running /home/tgamblin/workspace/yocto/poky/build/tmp/work/x86_64-linux/qemu-helper-native/1.0/recipe-sysroot-native/usr/bin/qemu-system-riscv64 -device virtio-net-device,netdev=net0,mac=52:54:00:12:34:02 -netdev tap,id=net0,ifname=tap0,script=no,downscript=no -object rng-random,filename=/dev/urandom,id=rng0 -device virtio-rng-pci,rng=rng0 -drive id=disk0,file=/home/tgamblin/workspace/yocto/poky/build/tmp/deploy/images/qemuriscv64/core-image-ptest-python3-numpy-qemuriscv64.rootfs-20250905162522.ext4,if=none,format=raw -device virtio-blk-device,drive=disk0 -device qemu-xhci -device usb-tablet -device usb-kbd  -machine virt -cpu rva22s64 -smp 4 -m 4096 -snapshot -serial mon:stdio -serial null -device bochs-display -bios /home/tgamblin/workspace/yocto/poky/build/tmp/deploy/images/qemuriscv64/fw_jump.elf -kernel /home/tgamblin/workspace/yocto/poky/build/tmp/deploy/images/qemuriscv64/Image -append 'root=/dev/vda rw  mem=4096M ip=192.168.7.2::192.168.7.1:255.255.255.0::eth0:off:8.8.8.8 net.ifnames=0 console=ttyS0 console=hvc0 earlycon=sbi swiotlb=0 '

runqemu - INFO - Host uptime: 1182099.03


OpenSBI v1.7
   ____                    _____ ____ _____
  / __ \                  / ____|  _ \_   _|
 | |  | |_ __   ___ _ __ | (___ | |_) || |
 | |  | | '_ \ / _ \ '_ \ \___ \|  _ < | |
 | |__| | |_) |  __/ | | |____) | |_) || |_
  \____/| .__/ \___|_| |_|_____/|____/_____|
        | |
        |_|

Platform Name               : riscv-virtio,qemu
Platform Features           : medeleg
Platform HART Count         : 4
Platform IPI Device         : aclint-mswi
Platform Timer Device       : aclint-mtimer @ 10000000Hz
Platform Console Device     : uart8250
Platform HSM Device         : ---
Platform PMU Device         : ---
Platform Reboot Device      : syscon-reboot
Platform Shutdown Device    : syscon-poweroff
Platform Suspend Device     : ---
Platform CPPC Device        : ---
Firmware Base               : 0x80000000
Firmware Size               : 353 KB
Firmware RW Offset          : 0x40000
Firmware RW Size            : 97 KB
Firmware Heap Offset        : 0x4c000
Firmware Heap Size          : 49 KB (total), 3 KB (reserved), 12 KB (used), 33 KB (free)
Firmware Scratch Size       : 4096 B (total), 1400 B (used), 2696 B (free)
Runtime SBI Version         : 3.0
Standard SBI Extensions     : time,rfnc,ipi,base,hsm,srst,pmu,dbcn,fwft,legacy,dbtr,sse
Experimental SBI Extensions : none

Domain0 Name                : root
Domain0 Boot HART           : 0
Domain0 HARTs               : 0*,1*,2*,3*
Domain0 Region00            : 0x0000000000100000-0x0000000000100fff M: (I,R,W) S/U: (R,W)
Domain0 Region01            : 0x0000000010000000-0x0000000010000fff M: (I,R,W) S/U: (R,W)
Domain0 Region02            : 0x0000000002000000-0x000000000200ffff M: (I,R,W) S/U: ()
Domain0 Region03            : 0x0000000080040000-0x000000008005ffff M: (R,W) S/U: ()
Domain0 Region04            : 0x0000000080000000-0x000000008003ffff M: (R,X) S/U: ()
Domain0 Region05            : 0x000000000c400000-0x000000000c5fffff M: (I,R,W) S/U: (R,W)
Domain0 Region06            : 0x000000000c000000-0x000000000c3fffff M: (I,R,W) S/U: (R,W)
Domain0 Region07            : 0x0000000000000000-0xffffffffffffffff M: () S/U: (R,W,X)
Domain0 Next Address        : 0x0000000080200000
Domain0 Next Arg1           : 0x0000000082200000
Domain0 Next Mode           : S-mode
Domain0 SysReset            : yes
Domain0 SysSuspend          : yes

Boot HART ID                : 0
Boot HART Domain            : root
Boot HART Priv Version      : v1.12
Boot HART Base ISA          : rv64imafdcb
Boot HART ISA Extensions    : zicntr,zihpm,zicboz,zicbom,svpbmt,sdtrig,svade
Boot HART PMP Count         : 0
Boot HART PMP Granularity   : 0 bits
Boot HART PMP Address Bits  : 0
Boot HART MHPM Info         : 16 (0x0007fff8)
Boot HART Debug Triggers    : 2 triggers
Boot HART MIDELEG           : 0x0000000000000222
Boot HART MEDELEG           : 0x000000000004b109
QEMU: Terminated
runqemu - INFO - Cleaning up
runqemu - INFO - Host uptime: 1182100.03

